<?xml version="1.0" encoding="UTF-8"?>
<!-- Generated by org.testng.reporters.JUnitXMLReporter -->
<testsuite hostname="laptop-2218" ignored="2" name="Self-Service Test" tests="2" failures="0" timestamp="2019-12-11T11:19:19 CST" time="103.998" errors="0">
  <testcase name="Login_Page_Test" time="22.693" classname="AdministrationTC.Admin_Flow"/>
  <testcase name="ProspectViewRecords_Page_Test" time="66.376" classname="AdministrationTC.Admin_Flow"/>
  <testcase name="PeopleSearch_Page_Test" time="0.0" classname="AdministrationTC.Admin_Flow">
    <ignored/>
  </testcase> <!-- PeopleSearch_Page_Test -->
  <testcase name="Dashboard_Page_Test" time="0.0" classname="AdministrationTC.Admin_Flow">
    <ignored/>
  </testcase> <!-- Dashboard_Page_Test -->
</testsuite> <!-- Self-Service Test -->
