<?xml version="1.0" encoding="UTF-8"?>
<!-- Generated by org.testng.reporters.JUnitXMLReporter -->
<testsuite hostname="laptop-2218" ignored="0" name="Default test" tests="3" failures="0" timestamp="2019-12-11T07:14:11 CST" time="83.52" errors="0">
  <testcase name="Login_Page_method" time="19.67" classname="AdministrationTC.Admin_Flow"/>
  <testcase name="dashboard_page_method" time="24.999" classname="AdministrationTC.Admin_Flow"/>
  <testcase name="ProspectViewRecords_page_method" time="24.483" classname="AdministrationTC.Admin_Flow"/>
</testsuite> <!-- Default test -->
